<?xml version="1.0" encoding="UTF-8"?>
<Site BuildName="(empty)"
	BuildStamp="20240813-2146-Experimental"
	Name="roboticsqc-Alienware-m18-R2"
	Generator="ctest-3.22.1"
	CompilerName="/usr/bin/c++"
	CompilerVersion="11.4.0"
	OSName="Linux"
	Hostname="roboticsqc-Alienware-m18-R2"
	OSRelease="6.5.0-45-generic"
	OSVersion="#45~22.04.1-Ubuntu SMP PREEMPT_DYNAMIC Mon Jul 15 16:40:02 UTC 2"
	OSPlatform="x86_64"
	Is64Bits="1"
	VendorString="GenuineIntel"
	VendorID="Intel Corporation"
	FamilyID="6"
	ModelID="183"
	ProcessorCacheSize="36864"
	NumberOfLogicalCPU="32"
	NumberOfPhysicalCPU="24"
	TotalVirtualMemory="0"
	TotalPhysicalMemory="63980"
	LogicalProcessorsPerPhysical="1"
	ProcessorClockFrequency="1000"
	>
	<Testing>
		<StartDateTime>Aug 13 14:46 PDT</StartDateTime>
		<StartTestTime>1723585568</StartTestTime>
		<TestList/>
		<EndDateTime>Aug 13 14:46 PDT</EndDateTime>
		<EndTestTime>1723585568</EndTestTime>
		<ElapsedMinutes>0</ElapsedMinutes>
	</Testing>
</Site>
